 alsa-firmware
 alsa-plugins
 alsa-utils
 aspell-en
 automake
 bash
 binutils
 bzip2
 chromium
 conky
 coreutils
 cronie
 cryptsetup
 cups
 cups-pdf
 device-mapper
 dhcpcd
 diffutils
 dmenu
 e2fsprogs
 exo
 fakeroot
 feh
 file
 filesystem
 findutils
 firefox
 flashplugin
 foomatic-db
 foomatic-db-engine
 foomatic-db-nonfree
 foomatic-filters
 gamin
 garcon
 gawk
 gcc-fortran
 gcc-libs
 gettext
 ghostscript
 git
 glibc
 grep
 grub
 gsfonts
 gtk2-perl
 gutenprint
 gzip
 heirloom-mailx
 hplip
 htop
 icedtea-web
 imake
 inetutils
 initscripts
 iputils
 jfsutils
 less
 libpipeline
 libpulse
 licenses
 linux
 logrotate
 lvm2
 lynx
 make
 man-db
 man-pages
 mdadm
 msmtp
 mumble
 mutt
 nano
 offlineimap
 openjdk6
 openssh
 pacman
 patch
 pciutils
 pcmciautils
 perl
 pkg-config
 ppp
 procps
 psmisc
 qingy
 qingy-theme-arch
 reiserfsprogs
 rxvt-unicode
 samba
 screen
 scrot
 sed
 shadow
 skype
 slock
 splix
 subversion
 sudo
 sysfsutils
 syslog-ng
 sysvinit
 tar
 terminal
 terminus-font
 texinfo
 texlive-core
 thunar
 tint2
 truecrypt
 ttf-inconsolata
 ttf-ms-fonts
 tumbler
 udev
 unclutter
 unzip
 urxvt-url-select
 usbutils
 util-linux
 vi
 vim
 wget
 which
 wpa_supplicant
 xf86-video-ati
 xfconf
 xfsprogs
 xmobar
 xmonad
 xmonad-contrib
 xorg-server
 xorg-server-utils
 xorg-twm
 xorg-utils
 xorg-xclock
 xorg-xinit
 xterm
 zathura
 zip
 zsh
