4.00KiB xorg-font-utils
4.00KiB xorg-server-utils
4.00KiB xorg-utils
8.00KiB dnssec-anchors
8.00KiB gomplay-git
12.00KiB archey
12.00KiB wmname
12.00KiB xorg-mkfontdir
16.00KiB slock
16.00KiB xf86-input-void
20.00KiB mozilla-common
20.00KiB unclutter
20.00KiB xorg-sessreg
20.00KiB xorg-xgamma
20.00KiB xorg-xlsatoms
20.00KiB zathura-ps
24.00KiB acpi
24.00KiB lib32-libxfixes
24.00KiB rhino
24.00KiB xorg-xcursorgen
24.00KiB xorg-xhost
24.00KiB zathura-pdf-poppler
25.88KiB pacman-mirrorlist
28.00KiB gtk-update-icon-cache
28.00KiB urxvt-url-select
28.00KiB xf86-input-acecad
28.00KiB xorg-smproxy
28.00KiB xorg-xlsfonts
32.00KiB alsi
32.00KiB gomstreamer-git
32.00KiB xorg-setxkbmap
36.00KiB compositeproto
36.00KiB lib32-libxss
36.00KiB lib32-libxxf86vm
36.00KiB xcb-util-keysyms
36.00KiB xf86-input-aiptek
36.00KiB xorg-iceauth
36.00KiB xorg-xev
36.00KiB xorg-xwud
40.00KiB lib32-libxdamage
40.00KiB lib32-libxdmcp
40.00KiB wmctrl
40.00KiB xf86-input-keyboard
40.00KiB xorg-mkfontscale
40.00KiB xorg-xcmsdb
40.00KiB xorg-xdpyinfo
40.00KiB xorg-xset
44.00KiB lib32-libxau
44.00KiB xcompmgr
44.00KiB xf86-input-vmmouse
44.00KiB xorg-xfd
44.00KiB xorg-xkbevd
44.00KiB xorg-xmodmap
48.00KiB compton-git
48.00KiB dri2proto
48.00KiB icon-naming-utils
48.00KiB lib32-libxv
48.00KiB libfontenc
48.00KiB libsoup-gnome
48.00KiB mime-types
48.00KiB xorg-xprop
48.00KiB xorg-xwininfo
52.00KiB lsb-release
52.00KiB ncdu
52.00KiB xorg-bdftopcf
52.00KiB xorg-luit
52.00KiB xorg-xauth
52.00KiB xorg-xbacklight
52.00KiB xorg-xdriinfo
52.00KiB xorg-xinit
52.00KiB xorg-xrefresh
56.00KiB libwbclient
56.00KiB libxinerama
56.00KiB scrnsaverproto
56.00KiB scrot
56.00KiB xineramaproto
56.00KiB xorg-xfontsel
56.00KiB xorg-xinput
56.00KiB xorg-xkill
56.00KiB xorg-xlsclients
56.00KiB xorg-xvinfo
60.00KiB libsigsegv
60.00KiB which
60.00KiB xf86-input-joystick
60.00KiB xorg-xclock
60.00KiB xorg-xrandr
60.00KiB xorg-xsetroot
64.00KiB autossh
64.00KiB cabextract
64.00KiB lib32-libxrender
64.00KiB libxdamage
64.00KiB mtdev
64.00KiB xorg-fonts-alias
68.00KiB ca-certificates-java
68.00KiB dbus
68.00KiB dmxproto
68.00KiB eventlog
68.00KiB lib32-libxcursor
68.00KiB libirman
68.00KiB ttf-inconsolata
68.00KiB xf86-input-evdev
68.00KiB xf86-input-mouse
68.00KiB xorg-xpr
68.00KiB xorg-xwd
72.00KiB damageproto
72.00KiB libtiger
72.00KiB xorg-xrdb
76.00KiB dmenu
76.00KiB filesystem
76.00KiB lib32-libxi
76.00KiB libdatrie
76.00KiB pacgraph
76.00KiB perl-error
76.00KiB sdl_image
76.00KiB xcb-util
76.00KiB xf86vidmodeproto
80.00KiB pcmciautils
84.00KiB lib32-libxext
84.00KiB lib32-libxrandr
84.00KiB libdaemon
84.00KiB libxau
84.00KiB recordproto
84.00KiB sshfs
84.00KiB xf86dgaproto
87.00KiB libpipeline
88.00KiB libusb-compat
88.00KiB libxrender
88.00KiB sxiv
92.00KiB libasyncns
92.00KiB libxvmc
96.00KiB lib32-libffi
96.00KiB lib32-libglapi
96.00KiB lib32-libltdl
96.00KiB lib32-libsm
96.00KiB libxfixes
96.00KiB run-parts
97.00KiB libxss
100.00KiB fixesproto
100.00KiB java-jline
100.00KiB pm-quirks
104.00KiB lib32-libpciaccess
104.00KiB vloopback-svn
104.00KiB xorg-xkbutils
105.00KiB libdmx
116.00KiB libpciaccess
116.00KiB logrotate
116.00KiB pkg-config
120.00KiB fswebcam
120.00KiB glproto
120.00KiB libxcomposite
120.00KiB renderproto
120.00KiB videoproto
124.00KiB initscripts
124.00KiB libxft
128.00KiB pptpclient
128.00KiB python2-cairo
128.00KiB startup-notification
129.00KiB libxxf86vm
132.00KiB htop
132.00KiB libspectre
133.00KiB libxxf86dga
136.00KiB libmpcdec
136.00KiB mozplugger-chromium
140.00KiB json-c
140.00KiB lib32-bzip2
140.00KiB libxdmcp
140.00KiB xorg-server-common
144.00KiB cifs-utils
144.00KiB v4l2ucp
148.00KiB libglapi
148.00KiB patch
149.00KiB libxv
152.00KiB libxpm
152.00KiB xf86-input-synaptics
156.00KiB desktop-file-utils
156.00KiB talloc
160.00KiB enchant
160.00KiB gsm
160.00KiB perl-xml-simple
164.00KiB randrproto
169.00KiB libxtst
172.00KiB libxrandr
172.00KiB sysfsutils
176.00KiB libassuan
176.00KiB libcap-ng
180.00KiB libffi
184.00KiB python2-gconf
188.00KiB cronie
192.00KiB fontsproto
193.00KiB girara-common
196.00KiB xorg-twm
196.00KiB zathura
198.00KiB libxcursor
200.00KiB alsa-oss
200.00KiB usbutils
200.00KiB xorg-x11perf
208.00KiB libcap
208.00KiB libdvdread
208.00KiB libxkbfile
212.00KiB hdparm
212.00KiB libiec61883
212.00KiB pth
212.00KiB unrar
216.00KiB lib32-zlib
220.00KiB libavc1394
220.00KiB xorg-xkbcomp
224.00KiB ethtool
224.00KiB gperf
224.00KiB libdvdnav
224.00KiB tdb
228.00KiB bc
228.00KiB fakeroot
228.00KiB giblib
228.00KiB less
228.00KiB lib32-libice
228.00KiB libgssglue
232.00KiB libmpeg2
236.00KiB faac
236.00KiB libvdpau
244.00KiB a52dec
244.00KiB cpufrequtils
244.00KiB libusb
248.00KiB pm-utils
252.00KiB gzip
256.00KiB dhcpcd
256.00KiB keyutils
260.00KiB bzip2
264.00KiB mkinitcpio
268.00KiB clang-analyzer
268.00KiB python2-sip
272.00KiB girara-gtk2
272.00KiB libgpg-error
276.00KiB dot2tex
276.00KiB libnotify
276.00KiB xorg-font-util
284.00KiB libshout
284.00KiB m4
284.00KiB xdg-utils
288.00KiB libedit
288.00KiB opencore-amr
292.00KiB kmod
292.00KiB sysvinit
296.00KiB libproxy
300.00KiB libid3tag
304.00KiB lib32-v4l-utils
304.00KiB libraw1394
308.00KiB iputils
308.00KiB libgusb
312.00KiB lib32-dbus-core
312.00KiB libass
312.00KiB libftdi
312.00KiB libksba
312.00KiB wireless_tools
316.00KiB lib32-libdrm
320.00KiB libcddb
320.00KiB libmpdclient
320.00KiB libsm
328.00KiB babl
328.00KiB unzip
328.00KiB wavpack
332.00KiB pinentry
333.00KiB libxfont
336.00KiB libmad
340.00KiB vi
344.00KiB libmpc
348.00KiB alsa-plugins
352.00KiB cdparanoia
352.00KiB mkinitcpio-busybox
356.00KiB freeglut
360.00KiB zlib
368.00KiB tamsyn-font
372.00KiB attr
376.00KiB blas
376.00KiB libyaml
380.00KiB gdbm
380.00KiB lib32-expat
388.00KiB lib32-mpg123
388.00KiB pciutils
400.00KiB glib-networking
400.00KiB libmodplug
404.00KiB netcfg
405.00KiB libxmu
408.00KiB conky
412.00KiB libieee1284
413.00KiB libtasn1
428.00KiB p11-kit
440.00KiB powertop
444.00KiB feh
456.00KiB lib32-libpng
456.00KiB libdca
460.00KiB rtmpdump
460.00KiB xbitmaps
464.00KiB apvlv
464.00KiB archlinux-keyring
468.00KiB libgxps
468.00KiB socat
472.00KiB heirloom-mailx
476.00KiB libdv
480.00KiB junit
480.00KiB libsasl
480.00KiB openjpeg
496.00KiB gpm
496.00KiB libart-lgpl
496.00KiB python2-feedparser
500.00KiB python2-pyparsing
512.00KiB rsync
520.00KiB fribidi
520.00KiB libdvbpsi
536.00KiB acl
536.00KiB net-tools
536.00KiB perl-xml-parser
544.00KiB lib32-fontconfig
544.00KiB licenses
548.00KiB device-mapper
548.00KiB laptop-mode-tools
552.00KiB jre7-openjdk
552.00KiB libice
552.00KiB libogg
553.00KiB nettle
559.00KiB libxext
568.00KiB cloog
568.00KiB libglade
568.00KiB zip
572.00KiB python2-dateutil
580.00KiB dconf
588.00KiB inputproto
588.00KiB libebml
589.00KiB pixman
592.00KiB popt
592.00KiB sip
604.00KiB pangomm
608.00KiB atkmm
608.00KiB msmtp
616.00KiB libpcap
620.00KiB libbluray
624.00KiB cryptsetup
624.00KiB xterm
636.00KiB expat
640.00KiB giflib
640.00KiB gts
641.00KiB libdrm
644.00KiB psmisc
648.00KiB mpg123
653.00KiB xcb-proto
660.00KiB ncmpcpp
664.00KiB lib32-sqlite3
672.00KiB dirmngr
676.00KiB librsvg
684.00KiB libthai
696.00KiB ca-certificates
697.00KiB libgcrypt
699.00KiB libxi
712.00KiB enca
721.00KiB hunspell
728.00KiB gtkspell
740.00KiB wpa_supplicant
744.00KiB dbus-glib
752.00KiB gsettings-desktop-schemas
753.00KiB xextproto
756.00KiB xanim
768.00KiB aalib
772.00KiB libpng
786.00KiB dbus-python
788.00KiB xf86-video-intel
792.00KiB glib
792.00KiB termsyn
796.00KiB xorg-fonts-encodings
804.00KiB gd
804.00KiB sed
808.00KiB unixodbc
812.00KiB hspell
836.00KiB faad2
856.00KiB libtirpc
860.00KiB zziplib
864.00KiB gpgme
865.00KiB icedtea-web-java7
872.00KiB screen
880.00KiB fuse
888.00KiB apr-util
908.00KiB iptables
908.00KiB procps-ng
920.00KiB iana-etc
928.00KiB flex
928.00KiB libupnp
936.00KiB lcms
936.00KiB ppp
940.00KiB mcpp
940.00KiB zvbi
944.00KiB offlineimap
948.00KiB lib32-libmng
949.00KiB libcups
952.00KiB xorg-docs
972.00KiB gc
976.00KiB libltdl
992.00KiB lib32-libjpeg-turbo
1004.00KiB lib32-util-linux
1032.00KiB reiserfsprogs
1036.00KiB lib32-alsa-lib
1040.00KiB lib32-libtiff
1052.00KiB jfsutils
1076.00KiB java-rhino
1085.00KiB kbproto
1101.00KiB sqlite
1108.00KiB xz
1124.00KiB inetutils
1144.00KiB speex
1160.00KiB lcms2
1164.00KiB diffutils
1164.00KiB libidn
1192.00KiB jasper
1192.00KiB lua
1200.00KiB hwids
1220.00KiB libssh2
1224.00KiB readline
1229.00KiB xproto
1236.00KiB mdadm
1252.00KiB libgnome-keyring
1252.00KiB libpulse
1252.00KiB neon
1261.00KiB intel-dri
1264.00KiB dialog
1264.00KiB gstreamer0.10-good-plugins
1280.00KiB lib32-libx11
1280.00KiB libjpeg-turbo
1280.00KiB libnl
1296.00KiB taglib
1308.00KiB libtool
1316.00KiB libsigc++
1320.00KiB libva
1324.00KiB make
1332.00KiB lib32-intel-dri
1348.00KiB grep
1356.00KiB libmng
1360.00KiB lame
1360.00KiB lib32-freetype2
1380.00KiB orc
1384.00KiB apr
1400.00KiB hicolor-icon-theme
1408.00KiB nspr
1412.00KiB rtorrent
1424.00KiB libwmf
1428.00KiB poppler-glib
1444.00KiB gcc-gcj-ecj
1445.00KiB man-db
1448.00KiB colord
1454.00KiB gsasl
1456.00KiB libcroco
1521.00KiB nano
1524.00KiB libtorrent
1532.00KiB mpfr
1540.00KiB iproute2
1540.00KiB pygobject2-devel
1576.00KiB lib32-libldap
1576.00KiB v4l-utils
1580.00KiB lib32-libxcb
1628.00KiB libcdio
1636.00KiB lib32-pcre
1645.00KiB dbus-core
1668.00KiB libsndfile
1692.00KiB ntp
1740.00KiB findutils
1740.00KiB imlib2
1744.00KiB sdl
1784.00KiB cracklib
1784.00KiB t1lib
1792.00KiB x264
1796.00KiB xvidcore
1860.00KiB curl
1864.00KiB libvpx
1864.00KiB xmlrpc-c
1876.00KiB gnome-icon-theme-symbolic
1880.00KiB automake
1884.00KiB jna
1884.00KiB pstoedit
1896.00KiB bison
1908.00KiB libxaw
1920.00KiB alsa-lib
1936.00KiB uniconvertor
1968.00KiB syslog-ng
1980.00KiB flac
2004.00KiB gmp
2024.00KiB libtheora
2032.00KiB polkit
2052.00KiB libevent
2056.00KiB python2-gobject2
2060.00KiB lirc-utils
2080.00KiB alsa-utils
2092.00KiB grub
2160.00KiB wicd
2180.00KiB wget
2192.00KiB btrfs-progs
2220.00KiB libcaca
2228.00KiB autoconf
2300.00KiB libldap
2308.00KiB libexif
2340.00KiB texinfo
2372.00KiB avahi
2372.00KiB python2-urwid
2472.00KiB tar
2488.00KiB libmatroska
2504.00KiB gawk
2504.00KiB python-imaging
2508.00KiB jack
2508.00KiB sudo
2556.00KiB openssh
2640.00KiB python2-pytz
2644.00KiB file
2660.00KiB freetype2
2739.00KiB xmobar
2748.00KiB libkate
2800.00KiB apache-ant
2832.00KiB rxvt-unicode
2888.00KiB isl
2888.00KiB protobuf
2916.00KiB lib32-gcc-libs
2940.00KiB atk
2940.00KiB libarchive
2992.00KiB gegl
3008.00KiB gcc-libs
3036.00KiB schroedinger
3048.00KiB libxt
3096.00KiB libxslt
3103.00KiB djvulibre
3108.00KiB libsamplerate
3110.00KiB cairomm
3120.00KiB lvm2
3132.00KiB terminus-font
3144.00KiB ldns
3168.00KiB pdftk
3176.00KiB gvim
3196.00KiB libsoup
3308.00KiB systemd-tools
3348.00KiB pacman
3412.00KiB cairo
3451.00KiB shared-mime-info
3524.00KiB xfsprogs
3624.00KiB e2fsprogs
3660.00KiB libtiff
3684.00KiB bash
3704.00KiB pam
3750.00KiB xorg-server
3752.00KiB fontconfig
3788.00KiB pcre
3840.00KiB aspell
3920.00KiB gdk-pixbuf2
3932.00KiB aspell-en
3968.00KiB gstreamer0.10-good
4084.00KiB libvorbis
4200.00KiB pango
4208.00KiB links
4248.00KiB krb5
4304.00KiB poppler
4408.00KiB kbd
4480.00KiB linux-api-headers
4528.00KiB lynx
4552.00KiB gsfonts
4565.00KiB libxcb
4684.00KiB recode
5008.00KiB glibmm
5084.00KiB libmp4v2
5300.00KiB python2-docutils
5462.00KiB xkeyboard-config
5468.00KiB shadow
5474.00KiB sk1libs
5520.00KiB lapack
5543.00KiB tzdata
5592.00KiB ttf-ms-fonts
6192.00KiB nss
6331.00KiB gnutls
6464.00KiB mutt
6536.00KiB lib32-openssl
6576.00KiB libgphoto2
6752.00KiB gtk
6844.00KiB lib32-glib2
6880.00KiB zsh
7016.00KiB gnupg
7108.00KiB mumble
7488.00KiB util-linux
7684.00KiB gconf
8168.00KiB groff
8188.00KiB xorg-fonts-misc
8516.00KiB plotutils
8800.00KiB python-reportlab
8916.00KiB gsl
9016.00KiB net-snmp
9112.00KiB ttf-dejavu
9504.00KiB gtkmm
9687.00KiB boost-libs
9852.00KiB ncurses
9952.00KiB imagemagick
10576.00KiB ttf-freefont
11000.00KiB mplayer
11308.00KiB gstreamer0.10-base
11332.00KiB ffmpeg
11780.00KiB openssl
11808.00KiB libxml2
11976.00KiB texlive-publishers
12040.00KiB glib2
12064.00KiB archlinux-wallpaper
12152.00KiB poppler-data
12235.00KiB mesa
12512.00KiB graphviz
13056.00KiB gstreamer0.10
13480.00KiB mercurial
13704.00KiB coreutils
14336.00KiB sane
14496.00KiB lib32-glibc
14680.00KiB gettext
14824.00KiB libx11
15399.00KiB man-pages
15668.00KiB db
15968.00KiB xorg-fonts-75dpi
16292.00KiB git
16444.00KiB python2-numpy
16652.00KiB gcc-fortran
17260.00KiB xorg-fonts-100dpi
17864.00KiB python2-pyqt
18228.00KiB pygtk
18644.00KiB binutils
18758.00KiB libgl
18940.00KiB lib32-libgl
19328.00KiB pyqt
20380.00KiB ruby
22944.00KiB evince
23224.00KiB flashplugin
25084.00KiB shared-color-profiles
25284.00KiB ppl
25820.00KiB vim-runtime
26374.00KiB icu
28704.00KiB qtwebkit
28916.00KiB skype
29820.00KiB gnome-icon-theme
30340.00KiB texlive-latexextra
30624.00KiB lib32-ati-dri
31356.00KiB subversion
34132.00KiB lib32-qt
37612.00KiB glibc
37812.00KiB firefox
38548.00KiB vlc
39664.00KiB linux-firmware
41170.00KiB jdk7-openjdk
46468.00KiB linux-headers
47354.00KiB ghostscript
55552.00KiB perl
55872.00KiB python2-matplotlib
56032.00KiB gtk3
57088.00KiB gtk2
58400.00KiB linux
63728.00KiB smbclient
64092.00KiB clang
65708.00KiB wireshark-cli
70508.00KiB gimp
71128.00KiB python2
74500.00KiB gcc
78860.00KiB llvm
81352.00KiB python
83304.00KiB inkscape
90960.00KiB texlive-bin
92239.00KiB jre7-openjdk-headless
92316.00KiB qt
93880.00KiB gcc-gcj
100996.00KiB chromium
143852.00KiB boost
258485.00KiB texlive-core
