acpi
alsa-oss
alsa-plugins
alsa-utils
alsi
apache-ant
apvlv
archey
archlinux-wallpaper
aspell-en
autoconf
automake
autossh
bc
bison
boost
btrfs-progs
chromium
clang-analyzer
compton-git
conky
cpufrequtils
cryptsetup
dmenu
dot2tex
evince
fakeroot
feh
firefox
flashplugin
flex
fswebcam
gcc-fortran
ghc
gimp
git
gomplay-git
grub
gstreamer0.10-good-plugins
gtk
gvim
heirloom-mailx
htop
icedtea-web-java7
initscripts
inkscape
iptables
iputils
jfsutils
jna
junit
laptop-mode-tools
less
lib32-ati-dri
lib32-intel-dri
lib32-libldap
lib32-mpg123
lib32-v4l-utils
libreoffice-base
libreoffice-sdk
libtool
licenses
links
linux
linux-headers
logrotate
lvm2
lynx
man-pages
mdadm
mercurial
mozplugger-chromium
mplayer
msmtp
mumble
mutt
nano
ncdu
ncmpcpp
netcfg
ntp
offlineimap
pacgraph
pacman
patch
pcmciautils
pdftk
pkg-config
pm-utils
powertop
pptpclient
pstoedit
python2-docutils
python2-feedparser
python2-gconf
python2-matplotlib
reiserfsprogs
rsync
rtorrent
screen
skype
slock
socat
sshfs
subversion
sudo
sxiv
syslog-ng
terminus-font
termsyn
texlive-latexextra
texlive-publishers
ttf-ms-fonts
unclutter
uniconvertor
unrar
unzip
urxvt-url-select
usbutils
v4l2ucp
vi
vloopback-svn
which
wicd
wine_gecko
wireshark-cli
wmctrl
wmname
xanim
xcompmgr
xf86-input-acecad
xf86-input-aiptek
xf86-input-joystick
xf86-input-keyboard
xf86-input-mouse
xf86-input-synaptics
xf86-input-vmmouse
xf86-input-void
xf86-video-apm
xf86-video-ark
xf86-video-ast
xf86-video-ati
xf86-video-chips
xf86-video-cirrus
xf86-video-dummy
xf86-video-fbdev
xf86-video-glint
xf86-video-i128
xf86-video-i740
xf86-video-intel
xf86-video-mach64
xf86-video-mga
xf86-video-neomagic
xf86-video-nv
xf86-video-r128
xf86-video-rendition
xf86-video-s3
xf86-video-s3virge
xf86-video-savage
xf86-video-siliconmotion
xf86-video-sis
xf86-video-sisusb
xf86-video-tdfx
xf86-video-trident
xf86-video-tseng
xf86-video-v4l
xf86-video-vesa
xf86-video-vmware
xf86-video-voodoo
xf86-video-xgi
xf86-video-xgixp
xfsprogs
xmobar
xorg-docs
xorg-fonts-100dpi
xorg-fonts-75dpi
xorg-server
xorg-server-utils
xorg-smproxy
xorg-twm
xorg-utils
xorg-x11perf
xorg-xclock
xorg-xcursorgen
xorg-xfd
xorg-xfontsel
xorg-xinit
xorg-xkbevd
xorg-xkbutils
xorg-xkill
xorg-xlsfonts
xorg-xpr
xorg-xwd
xorg-xwud
xterm
zathura-pdf-poppler
zathura-ps
zsh
